e:\github\digihms\librehardwaremonitorapi\x64\release\vc142.pdb
e:\github\digihms\librehardwaremonitorapi\x64\release\.netframework,version=v4.7.2.assemblyattributes.obj
e:\github\digihms\librehardwaremonitorapi\x64\release\updatevisitor.obj
e:\github\digihms\librehardwaremonitorapi\x64\release\librehardwaremonitorimp.obj
e:\github\digihms\bin\x64\release\librehardwaremonitorlib.dll
e:\github\digihms\bin\x64\release\librehardwaremonitorlib.pdb
e:\github\digihms\bin\x64\release\librehardwaremonitorlib.xml
e:\github\digihms\bin\x64\release\librehardwaremonitorapi.lib
e:\github\digihms\bin\x64\release\librehardwaremonitorapi.exp
e:\github\digihms\bin\x64\release\librehardwaremonitorapi.dll
e:\github\digihms\bin\x64\release\librehardwaremonitorapi.pdb
e:\github\digihms\librehardwaremonitorapi\x64\release\librehar.aee19599.tlog\cl.command.1.tlog
e:\github\digihms\librehardwaremonitorapi\x64\release\librehar.aee19599.tlog\cl.read.1.tlog
e:\github\digihms\librehardwaremonitorapi\x64\release\librehar.aee19599.tlog\cl.write.1.tlog
e:\github\digihms\librehardwaremonitorapi\x64\release\librehar.aee19599.tlog\copylocal.read.1u.tlog
e:\github\digihms\librehardwaremonitorapi\x64\release\librehar.aee19599.tlog\copylocal.write.1u.tlog
e:\github\digihms\librehardwaremonitorapi\x64\release\librehar.aee19599.tlog\librehardwaremonitorapi.write.1u.tlog
e:\github\digihms\librehardwaremonitorapi\x64\release\librehar.aee19599.tlog\link.command.1.tlog
e:\github\digihms\librehardwaremonitorapi\x64\release\librehar.aee19599.tlog\link.read.1.tlog
e:\github\digihms\librehardwaremonitorapi\x64\release\librehar.aee19599.tlog\link.write.1.tlog
e:\github\digihms\librehardwaremonitorapi\x64\release\librehar.aee19599.tlog\metagen.read.1.tlog
e:\github\digihms\librehardwaremonitorapi\x64\release\librehar.aee19599.tlog\metagen.write.1.tlog
