  LibreHardwareMonitorImp.cpp
E:\Github\DigiHMS\LibreHardwareMonitorApi\source\LibreHardwareMonitorImp.cpp(419,31): warning C4244: “=”: 从“double”转换到“float”，可能丢失数据
E:\Github\DigiHMS\LibreHardwareMonitorApi\source\LibreHardwareMonitorImp.cpp(424,31): warning C4244: “=”: 从“double”转换到“float”，可能丢失数据
E:\Github\DigiHMS\LibreHardwareMonitorApi\source\LibreHardwareMonitorImp.cpp(521,78): warning C4244: “=”: 从“double”转换到“float”，可能丢失数据
E:\Github\DigiHMS\LibreHardwareMonitorApi\source\LibreHardwareMonitorImp.cpp(551,75): warning C4244: “=”: 从“double”转换到“float”，可能丢失数据
E:\Github\DigiHMS\LibreHardwareMonitorApi\source\LibreHardwareMonitorImp.cpp(580,73): warning C4244: “=”: 从“double”转换到“float”，可能丢失数据
E:\Github\DigiHMS\LibreHardwareMonitorApi\source\LibreHardwareMonitorImp.cpp(585,37): warning C4244: “=”: 从“double”转换到“float”，可能丢失数据
E:\Github\DigiHMS\LibreHardwareMonitorApi\source\LibreHardwareMonitorImp.cpp(613,67): warning C4244: “=”: 从“double”转换到“float”，可能丢失数据
E:\Github\DigiHMS\LibreHardwareMonitorApi\source\LibreHardwareMonitorImp.cpp(633,66): warning C4244: “=”: 从“double”转换到“float”，可能丢失数据
E:\Github\DigiHMS\LibreHardwareMonitorApi\source\LibreHardwareMonitorImp.cpp(637,30): warning C4244: “=”: 从“double”转换到“float”，可能丢失数据
E:\Github\DigiHMS\LibreHardwareMonitorApi\source\LibreHardwareMonitorImp.cpp(658,30): warning C4244: “=”: 从“double”转换到“float”，可能丢失数据
E:\Github\DigiHMS\LibreHardwareMonitorApi\source\LibreHardwareMonitorImp.cpp(666,30): warning C4244: “=”: 从“double”转换到“float”，可能丢失数据
E:\Github\DigiHMS\LibreHardwareMonitorApi\source\LibreHardwareMonitorImp.cpp(671,35): warning C4244: “=”: 从“double”转换到“float”，可能丢失数据
E:\Github\DigiHMS\LibreHardwareMonitorApi\source\LibreHardwareMonitorImp.cpp(688,37): warning C4244: “=”: 从“double”转换到“float”，可能丢失数据
E:\Github\DigiHMS\LibreHardwareMonitorApi\source\LibreHardwareMonitorImp.cpp(710,30): warning C4244: “=”: 从“double”转换到“float”，可能丢失数据
C:\Program Files (x86)\Microsoft Visual Studio\2019\Enterprise\VC\Tools\MSVC\14.29.30133\include\utility(186,16): warning C4244: “初始化”: 从“_Ty”转换到“_Ty1”，可能丢失数据
          with
          [
              _Ty=double
          ]
          and
          [
              _Ty1=float
          ]
E:\Github\DigiHMS\LibreHardwareMonitorApi\source\LibreHardwareMonitorImp.cpp(136): message : 查看对正在编译的函数 模板 实例化“std::pair<float,float>::pair<double,double,0>(_Other1 &&,_Other2 &&) noexcept”的引用
          with
          [
              _Other1=double,
              _Other2=double
          ]
E:\Github\DigiHMS\LibreHardwareMonitorApi\source\LibreHardwareMonitorImp.cpp(136): message : 查看对正在编译的函数 模板 实例化“std::pair<float,float>::pair<double,double,0>(_Other1 &&,_Other2 &&) noexcept”的引用
          with
          [
              _Other1=double,
              _Other2=double
          ]
C:\Program Files (x86)\Microsoft Visual Studio\2019\Enterprise\VC\Tools\MSVC\14.29.30133\include\utility(186,54): warning C4244: “初始化”: 从“_Ty”转换到“_Ty2”，可能丢失数据
          with
          [
              _Ty=double
          ]
          and
          [
              _Ty2=float
          ]
  UpdateVisitor.cpp
  .NETFramework,Version=v4.7.2.AssemblyAttributes.cpp
  正在生成代码...
    正在创建库 E:\Github\DigiHMS\bin\x64\Release\LibreHardwareMonitorApi.lib 和对象 E:\Github\DigiHMS\bin\x64\Release\LibreHardwareMonitorApi.exp
  LINK : 已指定 /LTCG，但不需要生成代码；从链接命令行中移除 /LTCG 以提高链接器性能
  LibreHardwareMonitorApi.vcxproj -> E:\Github\DigiHMS\bin\x64\Release\LibreHardwareMonitorApi.dll
