e:\github\digihms\librehardwaremonitorapi\x64\debug\vc142.pdb
e:\github\digihms\librehardwaremonitorapi\x64\debug\.netframework,version=v4.7.2.assemblyattributes.obj
e:\github\digihms\librehardwaremonitorapi\x64\debug\updatevisitor.obj
e:\github\digihms\librehardwaremonitorapi\x64\debug\librehardwaremonitorimp.obj
e:\github\digihms\bin\x64\debug\librehardwaremonitorlib.dll
e:\github\digihms\bin\x64\debug\librehardwaremonitorlib.pdb
e:\github\digihms\bin\x64\debug\librehardwaremonitorlib.xml
e:\github\digihms\bin\x64\debug\librehardwaremonitorapi.lib
e:\github\digihms\bin\x64\debug\librehardwaremonitorapi.exp
e:\github\digihms\bin\x64\debug\librehardwaremonitorapi.dll
e:\github\digihms\bin\x64\debug\librehardwaremonitorapi.pdb
e:\github\digihms\librehardwaremonitorapi\x64\debug\librehar.aee19599.tlog\cl.command.1.tlog
e:\github\digihms\librehardwaremonitorapi\x64\debug\librehar.aee19599.tlog\cl.read.1.tlog
e:\github\digihms\librehardwaremonitorapi\x64\debug\librehar.aee19599.tlog\cl.write.1.tlog
e:\github\digihms\librehardwaremonitorapi\x64\debug\librehar.aee19599.tlog\copylocal.read.1u.tlog
e:\github\digihms\librehardwaremonitorapi\x64\debug\librehar.aee19599.tlog\copylocal.write.1u.tlog
e:\github\digihms\librehardwaremonitorapi\x64\debug\librehar.aee19599.tlog\librehardwaremonitorapi.write.1u.tlog
e:\github\digihms\librehardwaremonitorapi\x64\debug\librehar.aee19599.tlog\link.command.1.tlog
e:\github\digihms\librehardwaremonitorapi\x64\debug\librehar.aee19599.tlog\link.read.1.tlog
e:\github\digihms\librehardwaremonitorapi\x64\debug\librehar.aee19599.tlog\link.write.1.tlog
e:\github\digihms\librehardwaremonitorapi\x64\debug\librehar.aee19599.tlog\metagen.read.1.tlog
e:\github\digihms\librehardwaremonitorapi\x64\debug\librehar.aee19599.tlog\metagen.write.1.tlog
