e:\github\digihms\digihms\x64\debug\qrc_digihms.obj
e:\github\digihms\digihms\x64\debug\moc_digihms.obj
e:\github\digihms\digihms\x64\debug\digihms.obj
e:\github\digihms\digihms\x64\debug\main.obj
e:\github\digihms\digihms\x64\debug\vc142.pdb
e:\github\digihms\digihms\x64\debug\uic\ui_digihms.h
e:\github\digihms\digihms\x64\debug\rcc\qrc_digihms.cpp
e:\github\digihms\digihms\x64\debug\moc\moc_digihms.cpp
e:\github\digihms\bin\x64\debug\digihms.exe
e:\github\digihms\bin\x64\debug\digihms.ilk
e:\github\digihms\bin\x64\debug\digihms.pdb
e:\github\digihms\digihms\x64\debug\digihms.tlog\cl.10868.write.1.tlog
e:\github\digihms\digihms\x64\debug\digihms.tlog\cl.command.1.tlog
e:\github\digihms\digihms\x64\debug\digihms.tlog\cl.read.1.tlog
e:\github\digihms\digihms\x64\debug\digihms.tlog\digihms.write.1u.tlog
e:\github\digihms\digihms\x64\debug\digihms.tlog\link.command.1.tlog
e:\github\digihms\digihms\x64\debug\digihms.tlog\link.read.1.tlog
e:\github\digihms\digihms\x64\debug\digihms.tlog\link.write.1.tlog
e:\github\digihms\digihms\x64\debug\digihms.tlog\moc.read.1u.tlog
e:\github\digihms\digihms\x64\debug\digihms.tlog\moc.write.1u.tlog
e:\github\digihms\digihms\x64\debug\digihms.tlog\rcc.read.1u.tlog
e:\github\digihms\digihms\x64\debug\digihms.tlog\rcc.write.1u.tlog
e:\github\digihms\digihms\x64\debug\digihms.tlog\uic.read.1u.tlog
e:\github\digihms\digihms\x64\debug\digihms.tlog\uic.write.1u.tlog
