e:\github\digihms\digihms\x64\release\digihms.obj
e:\github\digihms\digihms\x64\release\main.obj
e:\github\digihms\digihms\x64\release\qrc_digihms.obj
e:\github\digihms\digihms\x64\release\moc_digihms.obj
e:\github\digihms\digihms\x64\release\uic\ui_digihms.h
e:\github\digihms\digihms\x64\release\rcc\qrc_digihms.cpp
e:\github\digihms\digihms\x64\release\moc\moc_digihms.cpp
e:\github\digihms\bin\x64\release\digihms.exe
e:\github\digihms\digihms\x64\release\digihms.tlog\cl.command.1.tlog
e:\github\digihms\digihms\x64\release\digihms.tlog\cl.read.1.tlog
e:\github\digihms\digihms\x64\release\digihms.tlog\cl.write.1.tlog
e:\github\digihms\digihms\x64\release\digihms.tlog\digihms.write.1u.tlog
e:\github\digihms\digihms\x64\release\digihms.tlog\link.command.1.tlog
e:\github\digihms\digihms\x64\release\digihms.tlog\link.read.1.tlog
e:\github\digihms\digihms\x64\release\digihms.tlog\link.write.1.tlog
e:\github\digihms\digihms\x64\release\digihms.tlog\moc.read.1u.tlog
e:\github\digihms\digihms\x64\release\digihms.tlog\moc.write.1u.tlog
e:\github\digihms\digihms\x64\release\digihms.tlog\rcc.read.1u.tlog
e:\github\digihms\digihms\x64\release\digihms.tlog\rcc.write.1u.tlog
e:\github\digihms\digihms\x64\release\digihms.tlog\uic.read.1u.tlog
e:\github\digihms\digihms\x64\release\digihms.tlog\uic.write.1u.tlog
